#
# A fatal error has been detected by the Java Runtime Environment:
#
#  EXCEPTION_ACCESS_VIOLATION (0xc0000005) at pc=0x6f6665ee, pid=16736, tid=0x00002984
#
# JRE version: Java(TM) SE Runtime Environment (8.0_144-b01) (build 1.8.0_144-b01)
# Java VM: Java HotSpot(TM) Client VM (25.144-b01 mixed mode windows-x86 )
# Problematic frame:
# V  [jvm.dll+0xe65ee]
#
# Failed to write core dump. Minidumps are not enabled by default on client versions of Windows
#
# If you would like to submit a bug report, please visit:
#   http://bugreport.java.com/bugreport/crash.jsp
#

---------------  T H R E A D  ---------------

Current thread (0x27602800):  JavaThread "EventThread COM9" [_thread_in_vm, id=10628, stack(0x288a0000,0x288f0000)]

siginfo: ExceptionCode=0xc0000005, reading address 0x00000000

Registers:
EAX=0x00000000, EBX=0x268aef08, ECX=0x27602800, EDX=0x0000009f
ESP=0x288ec28c, EBP=0x288ec2a8, ESI=0x00000000, EDI=0x27602800
EIP=0x6f6665ee, EFLAGS=0x00010246

Top of Stack: (sp=0x288ec28c)
0x288ec28c:   288ec2c4 27602940 268aef08 27602800
0x288ec29c:   2739e644 0000009f 6f8620b8 288ef338
0x288ec2ac:   6400183d 27602940 00000000 00000000
0x288ec2bc:   00003030 288ec2c4 636e6174 2d3a2065
0x288ec2cc:   32302e30 58360a0d 30093a20 0936392e
0x288ec2dc:   59736f70 30093a20 0930302e 6c676e61
0x288ec2ec:   093a2065 322e302d 69760934 73736574
0x288ec2fc:   65642065 746f7220 6f697461 093a206e 

Instructions: (pc=0x6f6665ee)
0x6f6665ce:   c4 08 83 7f 04 00 89 7d f0 c7 45 f4 00 00 00 00
0x6f6665de:   74 08 8d 4d f0 e8 28 1c 0c 00 8b 75 10 8b 45 0c
0x6f6665ee:   8b 10 85 f6 78 32 8b 45 14 85 c0 78 2b 8d 0c 06
0x6f6665fe:   3b 4a 08 77 23 85 c0 7e 3b 8b 4a 04 8b 49 04 83 


Register to memory mapping:

EAX=0x00000000 is an unknown value
EBX=0x268aef08 is an unknown value
ECX=0x27602800 is a thread
EDX=0x0000009f is an unknown value
ESP=0x288ec28c is pointing into the stack for thread: 0x27602800
EBP=0x288ec2a8 is pointing into the stack for thread: 0x27602800
ESI=0x00000000 is an unknown value
EDI=0x27602800 is a thread


Stack: [0x288a0000,0x288f0000],  sp=0x288ec28c,  free space=304k
Native frames: (J=compiled Java code, j=interpreted, Vv=VM code, C=native code)
V  [jvm.dll+0xe65ee]
C  [jSSC-2.8_x86.dll+0x183d]
J 2584  jssc.SerialNativeInterface.readBytes(JI)[B (0 bytes) @ 0x02b76765 [0x02b766d0+0x95]
J 4327 C1 processing.app.Serial.serialEvent(Ljssc/SerialPortEvent;)V (195 bytes) @ 0x029760f4 [0x02975fc0+0x134]
J 4736 C1 jssc.SerialPort$EventThread.run()V (84 bytes) @ 0x02b90e98 [0x02b90d30+0x168]
v  ~StubRoutines::call_stub
V  [jvm.dll+0x15af45]
V  [jvm.dll+0x2213ae]
V  [jvm.dll+0x15afde]
V  [jvm.dll+0x15b166]
V  [jvm.dll+0x15b1d7]
V  [jvm.dll+0xff36f]
V  [jvm.dll+0x17dc30]
V  [jvm.dll+0x17e4aa]
V  [jvm.dll+0x1c2ec6]
C  [msvcr100.dll+0x5c556]
C  [msvcr100.dll+0x5c600]
C  [KERNEL32.DLL+0x18484]
C  [ntdll.dll+0x641c8]
C  [ntdll.dll+0x64198]
C  0x00000000

Java frames: (J=compiled Java code, j=interpreted, Vv=VM code)
J 2584  jssc.SerialNativeInterface.readBytes(JI)[B (0 bytes) @ 0x02b76721 [0x02b766d0+0x51]
J 4327 C1 processing.app.Serial.serialEvent(Ljssc/SerialPortEvent;)V (195 bytes) @ 0x029760f4 [0x02975fc0+0x134]
J 4736 C1 jssc.SerialPort$EventThread.run()V (84 bytes) @ 0x02b90e98 [0x02b90d30+0x168]
v  ~StubRoutines::call_stub

---------------  P R O C E S S  ---------------

Java Threads: ( => current thread )
=>0x27602800 JavaThread "EventThread COM9" [_thread_in_vm, id=10628, stack(0x288a0000,0x288f0000)]
  0x27604000 JavaThread "DestroyJavaVM" [_thread_blocked, id=1352, stack(0x01040000,0x01090000)]
  0x27605400 JavaThread "TimerQueue" daemon [_thread_blocked, id=6792, stack(0x291d0000,0x29220000)]
  0x27605c00 JavaThread "Batik CleanerThread" daemon [_thread_blocked, id=2508, stack(0x281c0000,0x28210000)]
  0x27478800 JavaThread "AWT-EventQueue-0" [_thread_blocked, id=4036, stack(0x27ed0000,0x27f20000)]
  0x27479000 JavaThread "AWT-Shutdown" [_thread_blocked, id=220, stack(0x27e40000,0x27e90000)]
  0x2747a000 JavaThread "Timer-0" [_thread_blocked, id=1548, stack(0x27cb0000,0x27d00000)]
  0x27479c00 JavaThread "JmDNS(147-94-32-35.local.).State.Timer" daemon [_thread_blocked, id=5728, stack(0x26e40000,0x26e90000)]
  0x27479400 JavaThread "JmDNS(147-94-32-35.local.).Timer" daemon [_thread_blocked, id=12160, stack(0x26db0000,0x26e00000)]
  0x2745c400 JavaThread "SocketListener(147-94-32-35.local.)" daemon [_thread_blocked, id=13896, stack(0x26d20000,0x26d70000)]
  0x27450c00 JavaThread "JmDNS(fe80-0-0-0-809a-1287-2278-1ba3-wlan0.local.).State.Timer" daemon [_thread_blocked, id=1440, stack(0x26c00000,0x26c50000)]
  0x27451800 JavaThread "JmDNS(fe80-0-0-0-809a-1287-2278-1ba3-wlan0.local.).Timer" daemon [_thread_blocked, id=9780, stack(0x26b70000,0x26bc0000)]
  0x260d4c00 JavaThread "SocketListener(fe80-0-0-0-809a-1287-2278-1ba3-wlan0.local.)" daemon [_thread_in_native, id=3588, stack(0x26560000,0x265b0000)]
  0x2744bc00 JavaThread "Multihomed mDNS.Timer" daemon [_thread_blocked, id=17208, stack(0x269e0000,0x26a30000)]
  0x27436400 JavaThread "cc.arduino.packages.discoverers.serial.SerialBoardsLister" [_thread_blocked, id=908, stack(0x26850000,0x268a0000)]
  0x260d5800 JavaThread "AWT-Windows" daemon [_thread_blocked, id=12764, stack(0x265f0000,0x26640000)]
  0x260d4000 JavaThread "Java2D Disposer" daemon [_thread_blocked, id=15244, stack(0x264d0000,0x26520000)]
  0x24c91000 JavaThread "Service Thread" daemon [_thread_blocked, id=9640, stack(0x25d90000,0x25de0000)]
  0x24c9bc00 JavaThread "C1 CompilerThread0" daemon [_thread_blocked, id=17300, stack(0x25d00000,0x25d50000)]
  0x24c9a400 JavaThread "Attach Listener" daemon [_thread_blocked, id=5276, stack(0x25c70000,0x25cc0000)]
  0x24c98400 JavaThread "Signal Dispatcher" daemon [_thread_blocked, id=17156, stack(0x25be0000,0x25c30000)]
  0x24c7b000 JavaThread "Finalizer" daemon [_thread_blocked, id=15988, stack(0x25a30000,0x25a80000)]
  0x24c65000 JavaThread "Reference Handler" daemon [_thread_blocked, id=14972, stack(0x259a0000,0x259f0000)]

Other Threads:
  0x0084e400 VMThread [stack: 0x01230000,0x01280000] [id=10632]
  0x24c95000 WatcherThread [stack: 0x25e20000,0x25e70000] [id=3128]

VM state:synchronizing (normal execution)

VM Mutex/Monitor currently owned by a thread:  ([mutex/lock_event])
[0x00a7d668] Threads_lock - owner thread: 0x0084e400
[0x00a7cbd8] Heap_lock - owner thread: 0x2745c400

Heap:
 def new generation   total 157248K, used 157247K [0x04800000, 0x0f2a0000, 0x0f2a0000)
  eden space 139776K, 100% used [0x04800000, 0x0d080000, 0x0d080000)
  from space 17472K,  99% used [0x0d080000, 0x0e18fff8, 0x0e190000)
  to   space 17472K,   0% used [0x0e190000, 0x0e190000, 0x0f2a0000)
 tenured generation   total 349568K, used 349568K [0x0f2a0000, 0x24800000, 0x24800000)
   the space 349568K, 100% used [0x0f2a0000, 0x24800000, 0x24800000, 0x24800000)
 Metaspace       used 20747K, capacity 21212K, committed 21504K, reserved 21888K

Card table byte_map: [0x008e0000,0x009f0000] byte_map_base: 0x008bc000

Polling page: 0x00260000

CodeCache: size=32768Kb used=3656Kb max_used=5121Kb free=29111Kb
 bounds [0x02700000, 0x02c08000, 0x04700000]
 total_blobs=2228 nmethods=1949 adapters=207
 compilation: enabled

Compilation events (10 events):
Event: 2562.325 Thread 0x24c9bc00 12764             org.fife.ui.rsyntaxtextarea.TokenMap::get (214 bytes)
Event: 2562.325 Thread 0x24c9bc00 nmethod 12764 0x02acf8c8 code [0x02acfa00, 0x02acfd50]
Event: 2562.326 Thread 0x24c9bc00 12765             sun.util.locale.LocaleUtils::toLowerString (95 bytes)
Event: 2562.327 Thread 0x24c9bc00 nmethod 12765 0x0295e688 code [0x0295e7d0, 0x0295ec24]
Event: 2562.332 Thread 0x24c9bc00 12766             sun.text.CompactByteArray::<init> (84 bytes)
Event: 2562.333 Thread 0x24c9bc00 nmethod 12766 0x02acdb88 code [0x02acdcb0, 0x02acde98]
Event: 2562.333 Thread 0x24c9bc00 12767             sun.util.locale.provider.RuleBasedBreakIterator::getInt (38 bytes)
Event: 2562.333 Thread 0x24c9bc00 nmethod 12767 0x0290a748 code [0x0290a840, 0x0290a910]
Event: 2563.765 Thread 0x24c9bc00 12768             java.awt.Component::getParent (5 bytes)
Event: 2563.765 Thread 0x24c9bc00 nmethod 12768 0x02a52cc8 code [0x02a52dc0, 0x02a52e40]

GC Heap History (10 events):
Event: 2584.525 GC heap before
{Heap before GC invocations=575 (full 409):
 def new generation   total 157248K, used 157247K [0x04800000, 0x0f2a0000, 0x0f2a0000)
  eden space 139776K, 100% used [0x04800000, 0x0d080000, 0x0d080000)
  from space 17472K,  99% used [0x0d080000, 0x0e18ff70, 0x0e190000)
  to   space 17472K,   0% used [0x0e190000, 0x0e190000, 0x0f2a0000)
 tenured generation   total 349568K, used 349568K [0x0f2a0000, 0x24800000, 0x24800000)
   the space 349568K, 100% used [0x0f2a0000, 0x24800000, 0x24800000, 0x24800000)
 Metaspace       used 20747K, capacity 21212K, committed 21504K, reserved 21888K
Event: 2584.817 GC heap after
Heap after GC invocations=576 (full 410):
 def new generation   total 157248K, used 157245K [0x04800000, 0x0f2a0000, 0x0f2a0000)
  eden space 139776K, 100% used [0x04800000, 0x0d080000, 0x0d080000)
  from space 17472K,  99% used [0x0d080000, 0x0e18f7e0, 0x0e190000)
  to   space 17472K,   0% used [0x0e190000, 0x0e190000, 0x0f2a0000)
 tenured generation   total 349568K, used 349568K [0x0f2a0000, 0x24800000, 0x24800000)
   the space 349568K, 100% used [0x0f2a0000, 0x24800000, 0x24800000, 0x24800000)
 Metaspace       used 20747K, capacity 21212K, committed 21504K, reserved 21888K
}
Event: 2584.818 GC heap before
{Heap before GC invocations=576 (full 410):
 def new generation   total 157248K, used 157247K [0x04800000, 0x0f2a0000, 0x0f2a0000)
  eden space 139776K, 100% used [0x04800000, 0x0d080000, 0x0d080000)
  from space 17472K,  99% used [0x0d080000, 0x0e18fff8, 0x0e190000)
  to   space 17472K,   0% used [0x0e190000, 0x0e190000, 0x0f2a0000)
 tenured generation   total 349568K, used 349568K [0x0f2a0000, 0x24800000, 0x24800000)
   the space 349568K, 100% used [0x0f2a0000, 0x24800000, 0x24800000, 0x24800000)
 Metaspace       used 20747K, capacity 21212K, committed 21504K, reserved 21888K
Event: 2585.113 GC heap after
Heap after GC invocations=577 (full 411):
 def new generation   total 157248K, used 157234K [0x04800000, 0x0f2a0000, 0x0f2a0000)
  eden space 139776K, 100% used [0x04800000, 0x0d080000, 0x0d080000)
  from space 17472K,  99% used [0x0d080000, 0x0e18c848, 0x0e190000)
  to   space 17472K,   0% used [0x0e190000, 0x0e190000, 0x0f2a0000)
 tenured generation   total 349568K, used 349568K [0x0f2a0000, 0x24800000, 0x24800000)
   the space 349568K, 100% used [0x0f2a0000, 0x24800000, 0x24800000, 0x24800000)
 Metaspace       used 20747K, capacity 21212K, committed 21504K, reserved 21888K
}
Event: 2585.114 GC heap before
{Heap before GC invocations=577 (full 411):
 def new generation   total 157248K, used 157248K [0x04800000, 0x0f2a0000, 0x0f2a0000)
  eden space 139776K, 100% used [0x04800000, 0x0d080000, 0x0d080000)
  from space 17472K, 100% used [0x0d080000, 0x0e190000, 0x0e190000)
  to   space 17472K,   0% used [0x0e190000, 0x0e190000, 0x0f2a0000)
 tenured generation   total 349568K, used 349568K [0x0f2a0000, 0x24800000, 0x24800000)
   the space 349568K, 100% used [0x0f2a0000, 0x24800000, 0x24800000, 0x24800000)
 Metaspace       used 20747K, capacity 21212K, committed 21504K, reserved 21888K
Event: 2585.417 GC heap after
Heap after GC invocations=578 (full 412):
 def new generation   total 157248K, used 157241K [0x04800000, 0x0f2a0000, 0x0f2a0000)
  eden space 139776K, 100% used [0x04800000, 0x0d080000, 0x0d080000)
  from space 17472K,  99% used [0x0d080000, 0x0e18e7b8, 0x0e190000)
  to   space 17472K,   0% used [0x0e190000, 0x0e190000, 0x0f2a0000)
 tenured generation   total 349568K, used 349568K [0x0f2a0000, 0x24800000, 0x24800000)
   the space 349568K, 100% used [0x0f2a0000, 0x24800000, 0x24800000, 0x24800000)
 Metaspace       used 20747K, capacity 21212K, committed 21504K, reserved 21888K
}
Event: 2585.417 GC heap before
{Heap before GC invocations=578 (full 412):
 def new generation   total 157248K, used 157242K [0x04800000, 0x0f2a0000, 0x0f2a0000)
  eden space 139776K, 100% used [0x04800000, 0x0d080000, 0x0d080000)
  from space 17472K,  99% used [0x0d080000, 0x0e18eaa0, 0x0e190000)
  to   space 17472K,   0% used [0x0e190000, 0x0e190000, 0x0f2a0000)
 tenured generation   total 349568K, used 349568K [0x0f2a0000, 0x24800000, 0x24800000)
   the space 349568K, 100% used [0x0f2a0000, 0x24800000, 0x24800000, 0x24800000)
 Metaspace       used 20747K, capacity 21212K, committed 21504K, reserved 21888K
Event: 2585.710 GC heap after
Heap after GC invocations=579 (full 413):
 def new generation   total 157248K, used 157241K [0x04800000, 0x0f2a0000, 0x0f2a0000)
  eden space 139776K, 100% used [0x04800000, 0x0d080000, 0x0d080000)
  from space 17472K,  99% used [0x0d080000, 0x0e18e570, 0x0e190000)
  to   space 17472K,   0% used [0x0e190000, 0x0e190000, 0x0f2a0000)
 tenured generation   total 349568K, used 349568K [0x0f2a0000, 0x24800000, 0x24800000)
   the space 349568K, 100% used [0x0f2a0000, 0x24800000, 0x24800000, 0x24800000)
 Metaspace       used 20747K, capacity 21212K, committed 21504K, reserved 21888K
}
Event: 2585.710 GC heap before
{Heap before GC invocations=579 (full 413):
 def new generation   total 157248K, used 157241K [0x04800000, 0x0f2a0000, 0x0f2a0000)
  eden space 139776K, 100% used [0x04800000, 0x0d080000, 0x0d080000)
  from space 17472K,  99% used [0x0d080000, 0x0e18e570, 0x0e190000)
  to   space 17472K,   0% used [0x0e190000, 0x0e190000, 0x0f2a0000)
 tenured generation   total 349568K, used 349568K [0x0f2a0000, 0x24800000, 0x24800000)
   the space 349568K, 100% used [0x0f2a0000, 0x24800000, 0x24800000, 0x24800000)
 Metaspace       used 20747K, capacity 21212K, committed 21504K, reserved 21888K
Event: 2586.003 GC heap after
Heap after GC invocations=580 (full 414):
 def new generation   total 157248K, used 157241K [0x04800000, 0x0f2a0000, 0x0f2a0000)
  eden space 139776K, 100% used [0x04800000, 0x0d080000, 0x0d080000)
  from space 17472K,  99% used [0x0d080000, 0x0e18e570, 0x0e190000)
  to   space 17472K,   0% used [0x0e190000, 0x0e190000, 0x0f2a0000)
 tenured generation   total 349568K, used 349568K [0x0f2a0000, 0x24800000, 0x24800000)
   the space 349568K, 100% used [0x0f2a0000, 0x24800000, 0x24800000, 0x24800000)
 Metaspace       used 20747K, capacity 21212K, committed 21504K, reserved 21888K
}

Deoptimization events (0 events):
No events

Internal exceptions (10 events):
Event: 2561.715 Thread 0x27478800 Exception <a 'java/io/IOException'> (0x0dfe2048) thrown at [C:\workspace\8-2-build-windows-i586-cygwin\jdk8u144\9417\hotspot\src\share\vm\prims\jni.cpp, line 709]
Event: 2561.715 Thread 0x27478800 Exception <a 'java/io/IOException'> (0x0dfe5618) thrown at [C:\workspace\8-2-build-windows-i586-cygwin\jdk8u144\9417\hotspot\src\share\vm\prims\jni.cpp, line 709]
Event: 2561.715 Thread 0x27478800 Exception <a 'java/io/IOException'> (0x0dfe93a8) thrown at [C:\workspace\8-2-build-windows-i586-cygwin\jdk8u144\9417\hotspot\src\share\vm\prims\jni.cpp, line 709]
Event: 2562.315 Thread 0x27478800 Exception <a 'java/lang/OutOfMemoryError'> (0x0f2fa678) thrown at [C:\workspace\8-2-build-windows-i586-cygwin\jdk8u144\9417\hotspot\src\share\vm\gc_interface/collectedHeap.inline.hpp, line 159]
Event: 2562.315 Thread 0x27478800 Exception <a 'java/lang/OutOfMemoryError'> (0x0f2fa678) thrown at [C:\workspace\8-2-build-windows-i586-cygwin\jdk8u144\9417\hotspot\src\share\vm\prims\jvm.cpp, line 1394]
Event: 2562.315 Thread 0x27478800 Exception <a 'java/io/IOException'> (0x0e01b568) thrown at [C:\workspace\8-2-build-windows-i586-cygwin\jdk8u144\9417\hotspot\src\share\vm\prims\jni.cpp, line 709]
Event: 2562.315 Thread 0x27478800 Exception <a 'java/io/IOException'> (0x0e01ed80) thrown at [C:\workspace\8-2-build-windows-i586-cygwin\jdk8u144\9417\hotspot\src\share\vm\prims\jni.cpp, line 709]
Event: 2562.315 Thread 0x27478800 Exception <a 'java/io/IOException'> (0x0e021c70) thrown at [C:\workspace\8-2-build-windows-i586-cygwin\jdk8u144\9417\hotspot\src\share\vm\prims\jni.cpp, line 709]
Event: 2562.315 Thread 0x27478800 Exception <a 'java/io/IOException'> (0x0e023838) thrown at [C:\workspace\8-2-build-windows-i586-cygwin\jdk8u144\9417\hotspot\src\share\vm\prims\jni.cpp, line 709]
Event: 2586.003 Thread 0x27602800 Exception <a 'java/lang/OutOfMemoryError'> (0x0f2fa678) thrown at [C:\workspace\8-2-build-windows-i586-cygwin\jdk8u144\9417\hotspot\src\share\vm\gc_interface/collectedHeap.inline.hpp, line 159]

Events (10 events):
Event: 2584.233 Executing VM operation: GenCollectForAllocation
Event: 2584.525 Executing VM operation: GenCollectForAllocation done
Event: 2584.525 Executing VM operation: GenCollectForAllocation
Event: 2584.817 Executing VM operation: GenCollectForAllocation done
Event: 2584.818 Executing VM operation: GenCollectForAllocation
Event: 2585.114 Executing VM operation: GenCollectForAllocation done
Event: 2585.114 Executing VM operation: GenCollectForAllocation
Event: 2585.417 Executing VM operation: GenCollectForAllocation done
Event: 2585.417 Executing VM operation: GenCollectForAllocation
Event: 2586.003 Executing VM operation: GenCollectForAllocation done


Dynamic libraries:
0x012b0000 - 0x012e3000 	C:\Program Files (x86)\Arduino\java\bin\javaw.exe
0x77940000 - 0x77ad0000 	C:\WINDOWS\SYSTEM32\ntdll.dll
0x76b70000 - 0x76c50000 	C:\WINDOWS\System32\KERNEL32.DLL
0x76980000 - 0x76b64000 	C:\WINDOWS\System32\KERNELBASE.dll
0x76c50000 - 0x76cc8000 	C:\WINDOWS\System32\ADVAPI32.dll
0x75a30000 - 0x75aef000 	C:\WINDOWS\System32\msvcrt.dll
0x77700000 - 0x77744000 	C:\WINDOWS\System32\sechost.dll
0x768c0000 - 0x76980000 	C:\WINDOWS\System32\RPCRT4.dll
0x74200000 - 0x74220000 	C:\WINDOWS\System32\SspiCli.dll
0x741f0000 - 0x741fa000 	C:\WINDOWS\System32\CRYPTBASE.dll
0x76860000 - 0x768b8000 	C:\WINDOWS\System32\bcryptPrimitives.dll
0x77100000 - 0x7728d000 	C:\WINDOWS\System32\USER32.dll
0x762d0000 - 0x762e7000 	C:\WINDOWS\System32\win32u.dll
0x75b00000 - 0x75b22000 	C:\WINDOWS\System32\GDI32.dll
0x766f0000 - 0x76854000 	C:\WINDOWS\System32\gdi32full.dll
0x75be0000 - 0x75c5d000 	C:\WINDOWS\System32\msvcp_win.dll
0x77360000 - 0x7747e000 	C:\WINDOWS\System32\ucrtbase.dll
0x70ad0000 - 0x70cd4000 	C:\WINDOWS\WinSxS\x86_microsoft.windows.common-controls_6595b64144ccf1df_6.0.17134.590_none_42ead2d644e6098e\COMCTL32.dll
0x76480000 - 0x766dc000 	C:\WINDOWS\System32\combase.dll
0x776d0000 - 0x776f6000 	C:\WINDOWS\System32\IMM32.DLL
0x72f00000 - 0x72fbf000 	C:\Program Files (x86)\Arduino\java\bin\msvcr100.dll
0x6f580000 - 0x6f94e000 	C:\Program Files (x86)\Arduino\java\bin\client\jvm.dll
0x75b80000 - 0x75b86000 	C:\WINDOWS\System32\PSAPI.DLL
0x74120000 - 0x74128000 	C:\WINDOWS\SYSTEM32\WSOCK32.dll
0x73620000 - 0x73644000 	C:\WINDOWS\SYSTEM32\WINMM.dll
0x72ed0000 - 0x72ed8000 	C:\WINDOWS\SYSTEM32\VERSION.dll
0x74220000 - 0x74287000 	C:\WINDOWS\System32\WS2_32.dll
0x73430000 - 0x73453000 	C:\WINDOWS\SYSTEM32\WINMMBASE.dll
0x77320000 - 0x77359000 	C:\WINDOWS\System32\cfgmgr32.dll
0x70aa0000 - 0x70ad0000 	C:\Program Files (x86)\Arduino\java\bin\splashscreen.dll
0x72ef0000 - 0x72efc000 	C:\Program Files (x86)\Arduino\java\bin\verify.dll
0x70050000 - 0x70071000 	C:\Program Files (x86)\Arduino\java\bin\java.dll
0x711a0000 - 0x7121c000 	C:\WINDOWS\system32\uxtheme.dll
0x70110000 - 0x70123000 	C:\Program Files (x86)\Arduino\java\bin\zip.dll
0x76310000 - 0x76453000 	C:\WINDOWS\System32\MSCTF.dll
0x75600000 - 0x75696000 	C:\WINDOWS\System32\OLEAUT32.dll
0x76470000 - 0x7647f000 	C:\WINDOWS\System32\kernel.appcore.dll
0x70130000 - 0x701ad000 	C:\WINDOWS\System32\TextInputFramework.dll
0x6fd30000 - 0x6ff8d000 	C:\WINDOWS\System32\CoreUIComponents.dll
0x70080000 - 0x7010b000 	C:\WINDOWS\System32\CoreMessaging.dll
0x77290000 - 0x77318000 	C:\WINDOWS\System32\SHCORE.dll
0x73260000 - 0x73289000 	C:\WINDOWS\SYSTEM32\ntmarta.dll
0x70f50000 - 0x71026000 	C:\WINDOWS\SYSTEM32\wintypes.dll
0x734e0000 - 0x73503000 	C:\WINDOWS\system32\dwmapi.dll
0x742b0000 - 0x755fa000 	C:\WINDOWS\System32\SHELL32.dll
0x75cb0000 - 0x7626a000 	C:\WINDOWS\System32\windows.storage.dll
0x75b90000 - 0x75bd5000 	C:\WINDOWS\System32\shlwapi.dll
0x762f0000 - 0x76308000 	C:\WINDOWS\System32\profapi.dll
0x75c60000 - 0x75ca5000 	C:\WINDOWS\System32\powrprof.dll
0x777e0000 - 0x777e8000 	C:\WINDOWS\System32\FLTLIB.DLL
0x61940000 - 0x619b2000 	C:\Program Files (x86)\Arduino\lib\listSerialsj.dll
0x76cd0000 - 0x770fb000 	C:\WINDOWS\System32\SETUPAPI.dll
0x70030000 - 0x7004d000 	C:\Program Files (x86)\Arduino\lib\jnidispatch-4.2.2-win32-x86.dll
0x75730000 - 0x7582c000 	C:\WINDOWS\System32\Ole32.dll
0x6fd10000 - 0x6fd26000 	C:\Program Files (x86)\Arduino\java\bin\net.dll
0x73b20000 - 0x73b76000 	C:\WINDOWS\system32\mswsock.dll
0x72ee0000 - 0x72eef000 	C:\Program Files (x86)\Arduino\java\bin\nio.dll
0x6fbc0000 - 0x6fd05000 	C:\Program Files (x86)\Arduino\java\bin\awt.dll
0x737f0000 - 0x7388d000 	C:\WINDOWS\SYSTEM32\apphelp.dll
0x6fb80000 - 0x6fbb9000 	C:\Program Files (x86)\Arduino\java\bin\fontmanager.dll
0x6f4a0000 - 0x6f579000 	C:\WINDOWS\system32\opengl32.dll
0x6fb20000 - 0x6fb5f000 	C:\WINDOWS\SYSTEM32\GLU32.dll
0x6f460000 - 0x6f492000 	C:\Program Files (x86)\Arduino\java\bin\t2k.dll
0x74130000 - 0x74152000 	C:\WINDOWS\SYSTEM32\DEVOBJ.dll
0x75b30000 - 0x75b77000 	C:\WINDOWS\System32\WINTRUST.dll
0x766e0000 - 0x766ee000 	C:\WINDOWS\System32\MSASN1.dll
0x75830000 - 0x759c6000 	C:\WINDOWS\System32\CRYPT32.dll
0x73a60000 - 0x73a90000 	C:\WINDOWS\SYSTEM32\IPHLPAPI.DLL
0x75af0000 - 0x75af7000 	C:\WINDOWS\System32\NSI.dll
0x731b0000 - 0x731c3000 	C:\WINDOWS\SYSTEM32\dhcpcsvc6.DLL
0x731d0000 - 0x731e4000 	C:\WINDOWS\SYSTEM32\dhcpcsvc.DLL
0x73a90000 - 0x73b1e000 	C:\WINDOWS\SYSTEM32\DNSAPI.dll
0x73290000 - 0x73298000 	C:\Windows\System32\rasadhlp.dll
0x6f3f0000 - 0x6f459000 	C:\Program Files (x86)\Arduino\msvcp100.dll
0x6f330000 - 0x6f3ee000 	C:\Program Files (x86)\Arduino\msvcr100.dll
0x28020000 - 0x28052000 	C:\Program Files (x86)\Arduino\lib\AStylej.dll
0x6f300000 - 0x6f324000 	C:\Program Files (x86)\Arduino\java\bin\dcpr.dll
0x756a0000 - 0x75723000 	C:\WINDOWS\System32\clbcatq.dll
0x62080000 - 0x621f1000 	C:\WINDOWS\SYSTEM32\WindowsCodecs.dll
0x64df0000 - 0x64e3f000 	C:\WINDOWS\system32\dataexchange.dll
0x69b50000 - 0x69da2000 	C:\WINDOWS\system32\d3d11.dll
0x69a10000 - 0x69b4c000 	C:\WINDOWS\system32\dcomp.dll
0x73390000 - 0x73428000 	C:\WINDOWS\system32\dxgi.dll
0x6a6d0000 - 0x6a835000 	C:\WINDOWS\system32\twinapi.appcore.dll
0x6a6a0000 - 0x6a6c1000 	C:\WINDOWS\system32\RMCLIENT.dll
0x732a0000 - 0x732ef000 	C:\WINDOWS\System32\fwpuclnt.dll
0x73a10000 - 0x73a29000 	C:\WINDOWS\SYSTEM32\bcrypt.dll
0x6f2a0000 - 0x6f2f3000 	C:\WINDOWS\system32\Ninput.dll
0x73240000 - 0x73253000 	C:\WINDOWS\SYSTEM32\CRYPTSP.dll
0x73210000 - 0x7323f000 	C:\WINDOWS\system32\rsaenh.dll
0x741c0000 - 0x741e1000 	C:\WINDOWS\SYSTEM32\USERENV.dll
0x6fb60000 - 0x6fb80000 	C:\Program Files (x86)\Arduino\java\bin\sunec.dll
0x71230000 - 0x71239000 	C:\Program Files (x86)\Arduino\java\bin\sunmscapi.dll
0x64000000 - 0x6401b000 	C:\Program Files (x86)\Arduino\lib\jSSC-2.8_x86.dll
0x6c810000 - 0x6d23a000 	C:\WINDOWS\System32\DriverStore\FileRepository\igdlh64.inf_amd64_a5c2428250d1dc2b\ig9icd32.dll
0x741b0000 - 0x741bf000 	C:\WINDOWS\SYSTEM32\WTSAPI32.dll
0x288f0000 - 0x28a72000 	C:\WINDOWS\SYSTEM32\dbghelp.dll

VM Arguments:
jvm_args: -Dsun.java2d.d3d=false -Djna.nosys=true -Djna.nounpack=true -Djna.boot.library.name=jnidispatch-4.2.2-win32-x86 -Djna.boot.library.path=C:\Program Files (x86)\Arduino/lib -Djssc.library.path=C:\Program Files (x86)\Arduino/lib -DAPP_DIR=C:\Program Files (x86)\Arduino -Xms128M -Xmx512M 
java_command: processing.app.Base C:\Users\theo degeorges\Documents\Arduino\allerRetouRobot2\allerRetouRobot2.ino
java_class_path (initial): C:\Program Files (x86)\Arduino\lib\apple.jar;C:\Program Files (x86)\Arduino\lib\arduino-core.jar;C:\Program Files (x86)\Arduino\lib\batik-1.8.jar;C:\Program Files (x86)\Arduino\lib\batik-anim-1.8.jar;C:\Program Files (x86)\Arduino\lib\batik-awt-util-1.8.jar;C:\Program Files (x86)\Arduino\lib\batik-bridge-1.8.jar;C:\Program Files (x86)\Arduino\lib\batik-codec-1.8.jar;C:\Program Files (x86)\Arduino\lib\batik-css-1.8.jar;C:\Program Files (x86)\Arduino\lib\batik-dom-1.8.jar;C:\Program Files (x86)\Arduino\lib\batik-ext-1.8.jar;C:\Program Files (x86)\Arduino\lib\batik-gvt-1.8.jar;C:\Program Files (x86)\Arduino\lib\batik-parser-1.8.jar;C:\Program Files (x86)\Arduino\lib\batik-rasterizer-1.8.jar;C:\Program Files (x86)\Arduino\lib\batik-script-1.8.jar;C:\Program Files (x86)\Arduino\lib\batik-squiggle-1.8.jar;C:\Program Files (x86)\Arduino\lib\batik-svg-dom-1.8.jar;C:\Program Files (x86)\Arduino\lib\batik-svgpp-1.8.jar;C:\Program Files (x86)\Arduino\lib\batik-transcoder-1.8.jar;C:\Program Files (x86)\Arduino\lib\batik-util-1.8.jar;C:\Program Files (x86)\Arduino\lib\batik-xml-1.8.jar;C:\Program Files (x86)\Arduino\lib\bcpg-jdk15on-152.jar;C:\Program Files (x86)\Arduino\lib\bcprov-jdk15on-152.jar;C:\Program Files (x86)\Arduino\lib\commons-codec-1.7.jar;C:\Program Files (x86)\Arduino\lib\commons-compress-1.8.jar;C:\Program Files (x86)\Arduino\lib\commons-exec-1.1.jar;C:\Program Files (x86)\Arduino\lib\commons-httpclient-3.1.jar;C:\Program Files (x86)\Arduino\lib\commons-lang3-3.3.2.jar;C:\Program Files (x86)\Arduino\lib\commons-logging-1.0.4.jar;C:\Program Files (x86)\Arduino\lib\commons-net-3.3.jar;C:\Program Files (x86)\Arduino\lib\jackson-annotations-2.6.3.jar;C:\Program Files (x86)\Arduino\lib\jackson-core-2.6.3.jar;C:\Program Files (x86)\Arduino\lib\jackson-databind-2.6.3.jar;C:\Program Files (x86)\Arduino\lib\jackson-module-mrbean-2.6.3.jar;C:\Program Files (x86)\Arduino\lib\java-semver-0.8.0.jar;C:\Program Files (x86)\Arduino\lib\jmdns-3.5.1.j
Launcher Type: SUN_STANDARD

Environment Variables:
PATH=C:\Program Files (x86)\Common Files\Oracle\Java\javapath;C:\Program Files (x86)\NVIDIA Corporation\PhysX\Common;C:\Program Files (x86)\Intel\iCLS Client\;C:\Program Files\Intel\iCLS Client\;C:\WINDOWS\system32;C:\WINDOWS;C:\WINDOWS\System32\Wbem;C:\WINDOWS\System32\WindowsPowerShell\v1.0\;C:\Program Files (x86)\Intel\Intel(R) Management Engine Components\DAL;C:\Program Files\Intel\Intel(R) Management Engine Components\DAL;C:\Program Files (x86)\Intel\Intel(R) Management Engine Components\IPT;C:\Program Files\Intel\Intel(R) Management Engine Components\IPT;C:\Program Files (x86)\Windows Live\Shared;C:\Program Files\MATLAB\R2017a\runtime\win64;C:\Program Files\MATLAB\R2017a\bin;C:\WINDOWS\System32\OpenSSH\;C:\Program Files (x86)\Windows Kits\8.1\Windows Performance Toolkit\;C:\Android;C:\Windows\System32;C:\Program Files\Intel\WiFi\bin\;C:\Program Files\Common Files\Intel\WirelessCommon\;C:\Users\theo degeorges\AppData\Local\Microsoft\WindowsApps;;C:\Program Files (x86)\Arduino\java\bin
USERNAME=theo degeorges
OS=Windows_NT
PROCESSOR_IDENTIFIER=Intel64 Family 6 Model 142 Stepping 9, GenuineIntel



---------------  S Y S T E M  ---------------

OS: Windows 10.0 , 64 bit Build 17134 (10.0.17134.556)

CPU:total 4 (initial active 4) (2 cores per cpu, 2 threads per core) family 6 model 142 stepping 9, cmov, cx8, fxsr, mmx, sse, sse2, sse3, ssse3, sse4.1, sse4.2, popcnt, avx, avx2, aes, clmul, erms, 3dnowpref, lzcnt, ht, tsc, tscinvbit, bmi1, bmi2, adx

Memory: 4k page, physical 8267816k(3741120k free), swap 11020328k(4401364k free)

vm_info: Java HotSpot(TM) Client VM (25.144-b01) for windows-x86 JRE (1.8.0_144-b01), built on Jul 21 2017 21:58:05 by "java_re" with MS VC++ 10.0 (VS2010)

time: Fri Mar 15 18:52:56 2019
elapsed time: 2586 seconds (0d 0h 43m 6s)

